{"D:/2024/canal_test_nghiatp1/src/components/Banner/index.tsx": {"path":"D:/2024/canal_test_nghiatp1/src/components/Banner/index.tsx","statementMap":{"0":{"start":{"line":13,"column":45},"end":{"line":81,"column":null}},"1":{"start":{"line":14,"column":17},"end":{"line":14,"column":null}},"2":{"start":{"line":15,"column":19},"end":{"line":15,"column":null}},"3":{"start":{"line":17,"column":2},"end":{"line":19,"column":null}},"4":{"start":{"line":18,"column":4},"end":{"line":18,"column":null}},"5":{"start":{"line":20,"column":27},"end":{"line":22,"column":null}},"6":{"start":{"line":21,"column":4},"end":{"line":21,"column":null}},"7":{"start":{"line":24,"column":2},"end":{"line":79,"column":null}},"8":{"start":{"line":60,"column":45},"end":{"line":60,"column":55}}},"fnMap":{"0":{"name":"(anonymous_0)","decl":{"start":{"line":13,"column":45},"end":{"line":13,"column":46}},"loc":{"start":{"line":13,"column":71},"end":{"line":81,"column":null}}},"1":{"name":"(anonymous_1)","decl":{"start":{"line":20,"column":27},"end":{"line":20,"column":33}},"loc":{"start":{"line":20,"column":33},"end":{"line":22,"column":null}}},"2":{"name":"(anonymous_2)","decl":{"start":{"line":60,"column":34},"end":{"line":60,"column":35}},"loc":{"start":{"line":60,"column":45},"end":{"line":60,"column":55}}}},"branchMap":{"0":{"loc":{"start":{"line":17,"column":2},"end":{"line":19,"column":null}},"type":"if","locations":[{"start":{"line":17,"column":2},"end":{"line":19,"column":null}},{"start":{"line":17,"column":2},"end":{"line":19,"column":null}}]},"1":{"loc":{"start":{"line":43,"column":9},"end":{"line":76,"column":null}},"type":"cond-expr","locations":[{"start":{"line":44,"column":10},"end":{"line":51,"column":null}},{"start":{"line":53,"column":10},"end":{"line":76,"column":null}}]},"2":{"loc":{"start":{"line":71,"column":33},"end":{"line":71,"column":57}},"type":"binary-expr","locations":[{"start":{"line":71,"column":33},"end":{"line":71,"column":56}},{"start":{"line":71,"column":56},"end":{"line":71,"column":57}}]}},"s":{"0":9,"1":6,"2":6,"3":6,"4":2,"5":4,"6":1,"7":4,"8":0},"f":{"0":6,"1":1,"2":0},"b":{"0":[2,4],"1":[4,0],"2":[0,0]}}
,"D:/2024/canal_test_nghiatp1/src/components/Footer/index.tsx": {"path":"D:/2024/canal_test_nghiatp1/src/components/Footer/index.tsx","statementMap":{"0":{"start":{"line":1,"column":32},"end":{"line":9,"column":null}},"1":{"start":{"line":2,"column":2},"end":{"line":7,"column":null}}},"fnMap":{"0":{"name":"(anonymous_0)","decl":{"start":{"line":1,"column":32},"end":{"line":1,"column":38}},"loc":{"start":{"line":1,"column":38},"end":{"line":9,"column":null}}}},"branchMap":{},"s":{"0":9,"1":2},"f":{"0":2},"b":{}}
,"D:/2024/canal_test_nghiatp1/src/components/Header/index.tsx": {"path":"D:/2024/canal_test_nghiatp1/src/components/Header/index.tsx","statementMap":{"0":{"start":{"line":5,"column":18},"end":{"line":8,"column":null}},"1":{"start":{"line":10,"column":32},"end":{"line":49,"column":null}},"2":{"start":{"line":11,"column":38},"end":{"line":11,"column":null}},"3":{"start":{"line":13,"column":2},"end":{"line":20,"column":null}},"4":{"start":{"line":14,"column":25},"end":{"line":16,"column":null}},"5":{"start":{"line":15,"column":6},"end":{"line":15,"column":null}},"6":{"start":{"line":17,"column":4},"end":{"line":17,"column":null}},"7":{"start":{"line":19,"column":4},"end":{"line":19,"column":null}},"8":{"start":{"line":19,"column":17},"end":{"line":19,"column":null}},"9":{"start":{"line":22,"column":2},"end":{"line":47,"column":null}},"10":{"start":{"line":33,"column":14},"end":{"line":42,"column":null}},"11":{"start":{"line":37,"column":20},"end":{"line":37,"column":null}}},"fnMap":{"0":{"name":"(anonymous_0)","decl":{"start":{"line":10,"column":32},"end":{"line":10,"column":38}},"loc":{"start":{"line":10,"column":38},"end":{"line":49,"column":null}}},"1":{"name":"(anonymous_1)","decl":{"start":{"line":13,"column":12},"end":{"line":13,"column":18}},"loc":{"start":{"line":13,"column":18},"end":{"line":20,"column":5}}},"2":{"name":"(anonymous_2)","decl":{"start":{"line":14,"column":25},"end":{"line":14,"column":31}},"loc":{"start":{"line":14,"column":31},"end":{"line":16,"column":null}}},"3":{"name":"(anonymous_3)","decl":{"start":{"line":19,"column":11},"end":{"line":19,"column":17}},"loc":{"start":{"line":19,"column":17},"end":{"line":19,"column":null}}},"4":{"name":"(anonymous_4)","decl":{"start":{"line":32,"column":27},"end":{"line":32,"column":28}},"loc":{"start":{"line":33,"column":14},"end":{"line":42,"column":null}}},"5":{"name":"(anonymous_5)","decl":{"start":{"line":36,"column":29},"end":{"line":36,"column":30}},"loc":{"start":{"line":37,"column":20},"end":{"line":37,"column":null}}}},"branchMap":{"0":{"loc":{"start":{"line":24,"column":77},"end":{"line":24,"column":181}},"type":"cond-expr","locations":[{"start":{"line":24,"column":90},"end":{"line":24,"column":111}},{"start":{"line":24,"column":111},"end":{"line":24,"column":181}}]},"1":{"loc":{"start":{"line":37,"column":23},"end":{"line":37,"column":99}},"type":"cond-expr","locations":[{"start":{"line":37,"column":34},"end":{"line":37,"column":67}},{"start":{"line":37,"column":67},"end":{"line":37,"column":99}}]}},"s":{"0":9,"1":9,"2":3,"3":3,"4":3,"5":0,"6":3,"7":3,"8":3,"9":3,"10":6,"11":6},"f":{"0":3,"1":3,"2":0,"3":3,"4":6,"5":6},"b":{"0":[0,3],"1":[3,3]}}
,"D:/2024/canal_test_nghiatp1/src/components/Loader/index.tsx": {"path":"D:/2024/canal_test_nghiatp1/src/components/Loader/index.tsx","statementMap":{"0":{"start":{"line":1,"column":32},"end":{"line":30,"column":null}},"1":{"start":{"line":2,"column":2},"end":{"line":30,"column":null}}},"fnMap":{"0":{"name":"(anonymous_0)","decl":{"start":{"line":1,"column":32},"end":{"line":1,"column":null}},"loc":{"start":{"line":2,"column":2},"end":{"line":30,"column":null}}}},"branchMap":{},"s":{"0":9,"1":2},"f":{"0":2},"b":{}}
,"D:/2024/canal_test_nghiatp1/src/components/MovieCard/index.tsx": {"path":"D:/2024/canal_test_nghiatp1/src/components/MovieCard/index.tsx","statementMap":{"0":{"start":{"line":19,"column":51},"end":{"line":81,"column":null}},"1":{"start":{"line":20,"column":2},"end":{"line":22,"column":null}},"2":{"start":{"line":21,"column":4},"end":{"line":21,"column":null}},"3":{"start":{"line":24,"column":65},"end":{"line":24,"column":null}},"4":{"start":{"line":25,"column":2},"end":{"line":79,"column":null}}},"fnMap":{"0":{"name":"(anonymous_0)","decl":{"start":{"line":19,"column":51},"end":{"line":19,"column":52}},"loc":{"start":{"line":19,"column":77},"end":{"line":81,"column":null}}}},"branchMap":{"0":{"loc":{"start":{"line":20,"column":2},"end":{"line":22,"column":null}},"type":"if","locations":[{"start":{"line":20,"column":2},"end":{"line":22,"column":null}},{"start":{"line":20,"column":2},"end":{"line":22,"column":null}}]},"1":{"loc":{"start":{"line":20,"column":6},"end":{"line":20,"column":27}},"type":"binary-expr","locations":[{"start":{"line":20,"column":6},"end":{"line":20,"column":19}},{"start":{"line":20,"column":19},"end":{"line":20,"column":27}}]}},"s":{"0":9,"1":63,"2":0,"3":63,"4":63},"f":{"0":63},"b":{"0":[0,63],"1":[63,0]}}
,"D:/2024/canal_test_nghiatp1/src/components/MovieList/index.tsx": {"path":"D:/2024/canal_test_nghiatp1/src/components/MovieList/index.tsx","statementMap":{"0":{"start":{"line":12,"column":51},"end":{"line":35,"column":null}},"1":{"start":{"line":17,"column":2},"end":{"line":19,"column":null}},"2":{"start":{"line":18,"column":4},"end":{"line":18,"column":null}},"3":{"start":{"line":21,"column":2},"end":{"line":33,"column":null}},"4":{"start":{"line":28,"column":10},"end":{"line":30,"column":null}}},"fnMap":{"0":{"name":"(anonymous_0)","decl":{"start":{"line":12,"column":51},"end":{"line":12,"column":52}},"loc":{"start":{"line":16,"column":6},"end":{"line":35,"column":null}}},"1":{"name":"(anonymous_1)","decl":{"start":{"line":27,"column":21},"end":{"line":27,"column":22}},"loc":{"start":{"line":28,"column":10},"end":{"line":30,"column":null}}}},"branchMap":{"0":{"loc":{"start":{"line":17,"column":2},"end":{"line":19,"column":null}},"type":"if","locations":[{"start":{"line":17,"column":2},"end":{"line":19,"column":null}},{"start":{"line":17,"column":2},"end":{"line":19,"column":null}}]}},"s":{"0":10,"1":11,"2":4,"3":7,"4":28},"f":{"0":11,"1":28},"b":{"0":[4,7]}}
,"D:/2024/canal_test_nghiatp1/src/components/ProfileCard/index.tsx": {"path":"D:/2024/canal_test_nghiatp1/src/components/ProfileCard/index.tsx","statementMap":{"0":{"start":{"line":11,"column":55},"end":{"line":52,"column":null}},"1":{"start":{"line":15,"column":2},"end":{"line":17,"column":null}},"2":{"start":{"line":16,"column":4},"end":{"line":16,"column":null}},"3":{"start":{"line":19,"column":43},"end":{"line":19,"column":null}},"4":{"start":{"line":20,"column":2},"end":{"line":50,"column":null}}},"fnMap":{"0":{"name":"(anonymous_0)","decl":{"start":{"line":11,"column":55},"end":{"line":11,"column":56}},"loc":{"start":{"line":14,"column":6},"end":{"line":52,"column":null}}}},"branchMap":{"0":{"loc":{"start":{"line":15,"column":2},"end":{"line":17,"column":null}},"type":"if","locations":[{"start":{"line":15,"column":2},"end":{"line":17,"column":null}},{"start":{"line":15,"column":2},"end":{"line":17,"column":null}}]},"1":{"loc":{"start":{"line":15,"column":6},"end":{"line":15,"column":29}},"type":"binary-expr","locations":[{"start":{"line":15,"column":6},"end":{"line":15,"column":19}},{"start":{"line":15,"column":19},"end":{"line":15,"column":29}}]},"2":{"loc":{"start":{"line":31,"column":15},"end":{"line":37,"column":null}},"type":"binary-expr","locations":[{"start":{"line":31,"column":15},"end":{"line":31,"column":null}},{"start":{"line":32,"column":16},"end":{"line":37,"column":null}}]}},"s":{"0":9,"1":6,"2":0,"3":6,"4":6},"f":{"0":6},"b":{"0":[0,6],"1":[6,0],"2":[6,6]}}
,"D:/2024/canal_test_nghiatp1/src/components/ScrollToTop/index.tsx": {"path":"D:/2024/canal_test_nghiatp1/src/components/ScrollToTop/index.tsx","statementMap":{"0":{"start":{"line":4,"column":20},"end":{"line":12,"column":null}},"1":{"start":{"line":5,"column":23},"end":{"line":5,"column":null}},"2":{"start":{"line":7,"column":2},"end":{"line":9,"column":null}},"3":{"start":{"line":8,"column":4},"end":{"line":8,"column":null}},"4":{"start":{"line":11,"column":2},"end":{"line":11,"column":null}}},"fnMap":{"0":{"name":"(anonymous_0)","decl":{"start":{"line":4,"column":20},"end":{"line":4,"column":26}},"loc":{"start":{"line":4,"column":26},"end":{"line":12,"column":null}}},"1":{"name":"(anonymous_1)","decl":{"start":{"line":7,"column":12},"end":{"line":7,"column":18}},"loc":{"start":{"line":7,"column":18},"end":{"line":9,"column":5}}}},"branchMap":{},"s":{"0":10,"1":1,"2":1,"3":1,"4":1},"f":{"0":1,"1":1},"b":{}}
,"D:/2024/canal_test_nghiatp1/src/components/Skeleton/BannerSkeleton/index.tsx": {"path":"D:/2024/canal_test_nghiatp1/src/components/Skeleton/BannerSkeleton/index.tsx","statementMap":{"0":{"start":{"line":1,"column":40},"end":{"line":17,"column":null}},"1":{"start":{"line":2,"column":2},"end":{"line":15,"column":null}}},"fnMap":{"0":{"name":"(anonymous_0)","decl":{"start":{"line":1,"column":40},"end":{"line":1,"column":46}},"loc":{"start":{"line":1,"column":46},"end":{"line":17,"column":null}}}},"branchMap":{},"s":{"0":9,"1":2},"f":{"0":2},"b":{}}
,"D:/2024/canal_test_nghiatp1/src/components/Skeleton/CardSkeleton/index.tsx": {"path":"D:/2024/canal_test_nghiatp1/src/components/Skeleton/CardSkeleton/index.tsx","statementMap":{"0":{"start":{"line":1,"column":38},"end":{"line":25,"column":null}},"1":{"start":{"line":2,"column":2},"end":{"line":23,"column":null}}},"fnMap":{"0":{"name":"(anonymous_0)","decl":{"start":{"line":1,"column":38},"end":{"line":1,"column":44}},"loc":{"start":{"line":1,"column":44},"end":{"line":25,"column":null}}}},"branchMap":{},"s":{"0":9,"1":40},"f":{"0":40},"b":{}}
,"D:/2024/canal_test_nghiatp1/src/components/Skeleton/ListCardSkeleton/index.tsx": {"path":"D:/2024/canal_test_nghiatp1/src/components/Skeleton/ListCardSkeleton/index.tsx","statementMap":{"0":{"start":{"line":8,"column":65},"end":{"line":21,"column":null}},"1":{"start":{"line":11,"column":2},"end":{"line":19,"column":null}},"2":{"start":{"line":17,"column":8},"end":{"line":17,"column":null}}},"fnMap":{"0":{"name":"(anonymous_0)","decl":{"start":{"line":8,"column":65},"end":{"line":8,"column":66}},"loc":{"start":{"line":10,"column":6},"end":{"line":21,"column":null}}},"1":{"name":"(anonymous_1)","decl":{"start":{"line":16,"column":41},"end":{"line":16,"column":42}},"loc":{"start":{"line":17,"column":8},"end":{"line":17,"column":null}}}},"branchMap":{},"s":{"0":9,"1":2,"2":40},"f":{"0":2,"1":40},"b":{}}
,"D:/2024/canal_test_nghiatp1/src/components/Slider/index.tsx": {"path":"D:/2024/canal_test_nghiatp1/src/components/Slider/index.tsx","statementMap":{"0":{"start":{"line":13,"column":45},"end":{"line":96,"column":null}},"1":{"start":{"line":18,"column":20},"end":{"line":18,"column":null}},"2":{"start":{"line":19,"column":46},"end":{"line":19,"column":null}},"3":{"start":{"line":20,"column":48},"end":{"line":20,"column":null}},"4":{"start":{"line":22,"column":23},"end":{"line":31,"column":null}},"5":{"start":{"line":23,"column":19},"end":{"line":23,"column":null}},"6":{"start":{"line":24,"column":4},"end":{"line":30,"column":null}},"7":{"start":{"line":25,"column":6},"end":{"line":25,"column":null}},"8":{"start":{"line":26,"column":6},"end":{"line":29,"column":null}},"9":{"start":{"line":33,"column":21},"end":{"line":38,"column":null}},"10":{"start":{"line":34,"column":19},"end":{"line":34,"column":null}},"11":{"start":{"line":35,"column":4},"end":{"line":37,"column":null}},"12":{"start":{"line":36,"column":6},"end":{"line":36,"column":null}},"13":{"start":{"line":40,"column":22},"end":{"line":45,"column":null}},"14":{"start":{"line":41,"column":19},"end":{"line":41,"column":null}},"15":{"start":{"line":42,"column":4},"end":{"line":44,"column":null}},"16":{"start":{"line":43,"column":6},"end":{"line":43,"column":null}},"17":{"start":{"line":47,"column":2},"end":{"line":94,"column":null}}},"fnMap":{"0":{"name":"(anonymous_0)","decl":{"start":{"line":13,"column":45},"end":{"line":13,"column":46}},"loc":{"start":{"line":17,"column":6},"end":{"line":96,"column":null}}},"1":{"name":"(anonymous_1)","decl":{"start":{"line":22,"column":23},"end":{"line":22,"column":29}},"loc":{"start":{"line":22,"column":29},"end":{"line":31,"column":null}}},"2":{"name":"(anonymous_2)","decl":{"start":{"line":33,"column":21},"end":{"line":33,"column":27}},"loc":{"start":{"line":33,"column":27},"end":{"line":38,"column":null}}},"3":{"name":"(anonymous_3)","decl":{"start":{"line":40,"column":22},"end":{"line":40,"column":28}},"loc":{"start":{"line":40,"column":28},"end":{"line":45,"column":null}}}},"branchMap":{"0":{"loc":{"start":{"line":16,"column":2},"end":{"line":16,"column":null}},"type":"default-arg","locations":[{"start":{"line":16,"column":16},"end":{"line":16,"column":null}}]},"1":{"loc":{"start":{"line":24,"column":4},"end":{"line":30,"column":null}},"type":"if","locations":[{"start":{"line":24,"column":4},"end":{"line":30,"column":null}},{"start":{"line":24,"column":4},"end":{"line":30,"column":null}}]},"2":{"loc":{"start":{"line":27,"column":8},"end":{"line":28,"column":null}},"type":"binary-expr","locations":[{"start":{"line":27,"column":8},"end":{"line":27,"column":null}},{"start":{"line":28,"column":10},"end":{"line":28,"column":null}}]},"3":{"loc":{"start":{"line":35,"column":4},"end":{"line":37,"column":null}},"type":"if","locations":[{"start":{"line":35,"column":4},"end":{"line":37,"column":null}},{"start":{"line":35,"column":4},"end":{"line":37,"column":null}}]},"4":{"loc":{"start":{"line":42,"column":4},"end":{"line":44,"column":null}},"type":"if","locations":[{"start":{"line":42,"column":4},"end":{"line":44,"column":null}},{"start":{"line":42,"column":4},"end":{"line":44,"column":null}}]},"5":{"loc":{"start":{"line":53,"column":9},"end":{"line":62,"column":null}},"type":"binary-expr","locations":[{"start":{"line":53,"column":9},"end":{"line":53,"column":null}},{"start":{"line":54,"column":10},"end":{"line":62,"column":null}}]},"6":{"loc":{"start":{"line":65,"column":7},"end":{"line":74,"column":null}},"type":"binary-expr","locations":[{"start":{"line":65,"column":7},"end":{"line":65,"column":null}},{"start":{"line":66,"column":8},"end":{"line":74,"column":null}}]},"7":{"loc":{"start":{"line":84,"column":7},"end":{"line":92,"column":null}},"type":"binary-expr","locations":[{"start":{"line":84,"column":7},"end":{"line":84,"column":null}},{"start":{"line":85,"column":8},"end":{"line":92,"column":null}}]}},"s":{"0":9,"1":17,"2":17,"3":17,"4":17,"5":0,"6":0,"7":0,"8":0,"9":17,"10":0,"11":0,"12":0,"13":17,"14":1,"15":1,"16":1,"17":17},"f":{"0":17,"1":0,"2":0,"3":1},"b":{"0":[6],"1":[0,0],"2":[0,0],"3":[0,0],"4":[1,0],"5":[17,16],"6":[17,0],"7":[17,17]}}
,"D:/2024/canal_test_nghiatp1/src/components/ToastError/index.tsx": {"path":"D:/2024/canal_test_nghiatp1/src/components/ToastError/index.tsx","statementMap":{"0":{"start":{"line":7,"column":41},"end":{"line":32,"column":null}},"1":{"start":{"line":8,"column":36},"end":{"line":8,"column":null}},"2":{"start":{"line":10,"column":2},"end":{"line":18,"column":null}},"3":{"start":{"line":11,"column":4},"end":{"line":17,"column":null}},"4":{"start":{"line":12,"column":6},"end":{"line":12,"column":null}},"5":{"start":{"line":13,"column":20},"end":{"line":15,"column":null}},"6":{"start":{"line":14,"column":8},"end":{"line":14,"column":null}},"7":{"start":{"line":16,"column":6},"end":{"line":16,"column":null}},"8":{"start":{"line":16,"column":19},"end":{"line":16,"column":null}},"9":{"start":{"line":20,"column":2},"end":{"line":30,"column":null}}},"fnMap":{"0":{"name":"(anonymous_0)","decl":{"start":{"line":7,"column":41},"end":{"line":7,"column":42}},"loc":{"start":{"line":7,"column":63},"end":{"line":32,"column":null}}},"1":{"name":"(anonymous_1)","decl":{"start":{"line":10,"column":12},"end":{"line":10,"column":18}},"loc":{"start":{"line":10,"column":18},"end":{"line":18,"column":5}}},"2":{"name":"(anonymous_2)","decl":{"start":{"line":13,"column":31},"end":{"line":13,"column":37}},"loc":{"start":{"line":13,"column":37},"end":{"line":15,"column":9}}},"3":{"name":"(anonymous_3)","decl":{"start":{"line":16,"column":13},"end":{"line":16,"column":19}},"loc":{"start":{"line":16,"column":19},"end":{"line":16,"column":null}}}},"branchMap":{"0":{"loc":{"start":{"line":11,"column":4},"end":{"line":17,"column":null}},"type":"if","locations":[{"start":{"line":11,"column":4},"end":{"line":17,"column":null}},{"start":{"line":11,"column":4},"end":{"line":17,"column":null}}]},"1":{"loc":{"start":{"line":22,"column":7},"end":{"line":28,"column":null}},"type":"binary-expr","locations":[{"start":{"line":22,"column":7},"end":{"line":22,"column":null}},{"start":{"line":23,"column":8},"end":{"line":28,"column":null}}]}},"s":{"0":4,"1":20,"2":20,"3":10,"4":9,"5":9,"6":1,"7":9,"8":9,"9":20},"f":{"0":20,"1":10,"2":1,"3":9},"b":{"0":[9,1],"1":[20,9]}}
,"D:/2024/canal_test_nghiatp1/src/constants/config.constant.ts": {"path":"D:/2024/canal_test_nghiatp1/src/constants/config.constant.ts","statementMap":{"0":{"start":{"line":3,"column":30},"end":{"line":8,"column":null}}},"fnMap":{},"branchMap":{},"s":{"0":11},"f":{},"b":{}}
,"D:/2024/canal_test_nghiatp1/src/models/config.model.ts": {"path":"D:/2024/canal_test_nghiatp1/src/models/config.model.ts","statementMap":{"0":{"start":{"line":8,"column":7},"end":{"line":8,"column":null}},"1":{"start":{"line":9,"column":2},"end":{"line":9,"column":null}},"2":{"start":{"line":10,"column":2},"end":{"line":10,"column":null}},"3":{"start":{"line":11,"column":2},"end":{"line":11,"column":null}},"4":{"start":{"line":12,"column":2},"end":{"line":12,"column":null}},"5":{"start":{"line":8,"column":12},"end":{"line":8,"column":null}}},"fnMap":{"0":{"name":"(anonymous_0)","decl":{"start":{"line":8,"column":7},"end":{"line":8,"column":12}},"loc":{"start":{"line":8,"column":7},"end":{"line":8,"column":null}}}},"branchMap":{"0":{"loc":{"start":{"line":8,"column":12},"end":{"line":8,"column":null}},"type":"binary-expr","locations":[{"start":{"line":8,"column":12},"end":{"line":8,"column":null}},{"start":{"line":8,"column":12},"end":{"line":8,"column":null}}]}},"s":{"0":11,"1":11,"2":11,"3":11,"4":11,"5":11},"f":{"0":11},"b":{"0":[11,11]}}
,"D:/2024/canal_test_nghiatp1/src/pages/Home/index.tsx": {"path":"D:/2024/canal_test_nghiatp1/src/pages/Home/index.tsx","statementMap":{"0":{"start":{"line":9,"column":27},"end":{"line":44,"column":null}},"1":{"start":{"line":10,"column":33},"end":{"line":10,"column":null}},"2":{"start":{"line":11,"column":18},"end":{"line":16,"column":null}},"3":{"start":{"line":12,"column":4},"end":{"line":15,"column":null}},"4":{"start":{"line":14,"column":21},"end":{"line":14,"column":null}},"5":{"start":{"line":18,"column":20},"end":{"line":18,"column":null}},"6":{"start":{"line":18,"column":44},"end":{"line":18,"column":59}},"7":{"start":{"line":19,"column":23},"end":{"line":19,"column":null}},"8":{"start":{"line":19,"column":46},"end":{"line":19,"column":57}},"9":{"start":{"line":20,"column":21},"end":{"line":20,"column":null}},"10":{"start":{"line":20,"column":44},"end":{"line":20,"column":54}},"11":{"start":{"line":22,"column":25},"end":{"line":26,"column":null}},"12":{"start":{"line":23,"column":4},"end":{"line":25,"column":null}},"13":{"start":{"line":24,"column":17},"end":{"line":24,"column":null}},"14":{"start":{"line":28,"column":2},"end":{"line":42,"column":null}},"15":{"start":{"line":32,"column":8},"end":{"line":39,"column":null}},"16":{"start":{"line":37,"column":12},"end":{"line":37,"column":null}}},"fnMap":{"0":{"name":"(anonymous_0)","decl":{"start":{"line":9,"column":27},"end":{"line":9,"column":33}},"loc":{"start":{"line":9,"column":33},"end":{"line":44,"column":null}}},"1":{"name":"(anonymous_1)","decl":{"start":{"line":11,"column":33},"end":{"line":11,"column":34}},"loc":{"start":{"line":12,"column":4},"end":{"line":15,"column":null}}},"2":{"name":"(anonymous_2)","decl":{"start":{"line":14,"column":15},"end":{"line":14,"column":21}},"loc":{"start":{"line":14,"column":21},"end":{"line":14,"column":null}}},"3":{"name":"(anonymous_3)","decl":{"start":{"line":18,"column":33},"end":{"line":18,"column":34}},"loc":{"start":{"line":18,"column":44},"end":{"line":18,"column":59}}},"4":{"name":"(anonymous_4)","decl":{"start":{"line":19,"column":35},"end":{"line":19,"column":36}},"loc":{"start":{"line":19,"column":46},"end":{"line":19,"column":57}}},"5":{"name":"(anonymous_5)","decl":{"start":{"line":20,"column":33},"end":{"line":20,"column":34}},"loc":{"start":{"line":20,"column":44},"end":{"line":20,"column":54}}},"6":{"name":"(anonymous_6)","decl":{"start":{"line":22,"column":25},"end":{"line":22,"column":31}},"loc":{"start":{"line":22,"column":31},"end":{"line":26,"column":null}}},"7":{"name":"(anonymous_7)","decl":{"start":{"line":24,"column":6},"end":{"line":24,"column":7}},"loc":{"start":{"line":24,"column":17},"end":{"line":24,"column":null}}},"8":{"name":"(anonymous_8)","decl":{"start":{"line":31,"column":22},"end":{"line":31,"column":23}},"loc":{"start":{"line":32,"column":8},"end":{"line":39,"column":null}}},"9":{"name":"(anonymous_9)","decl":{"start":{"line":36,"column":42},"end":{"line":36,"column":43}},"loc":{"start":{"line":37,"column":12},"end":{"line":37,"column":null}}}},"branchMap":{"0":{"loc":{"start":{"line":24,"column":17},"end":{"line":24,"column":null}},"type":"binary-expr","locations":[{"start":{"line":24,"column":17},"end":{"line":24,"column":26}},{"start":{"line":24,"column":26},"end":{"line":24,"column":null}}]}},"s":{"0":1,"1":3,"2":3,"3":9,"4":0,"5":3,"6":9,"7":3,"8":9,"9":3,"10":9,"11":3,"12":3,"13":9,"14":3,"15":9,"16":0},"f":{"0":3,"1":9,"2":0,"3":9,"4":9,"5":9,"6":3,"7":9,"8":9,"9":0},"b":{"0":[9,9]}}
,"D:/2024/canal_test_nghiatp1/src/pages/MovieDetail/index.tsx": {"path":"D:/2024/canal_test_nghiatp1/src/pages/MovieDetail/index.tsx","statementMap":{"0":{"start":{"line":10,"column":30},"end":{"line":54,"column":null}},"1":{"start":{"line":11,"column":17},"end":{"line":11,"column":null}},"2":{"start":{"line":12,"column":37},"end":{"line":16,"column":null}},"3":{"start":{"line":14,"column":19},"end":{"line":14,"column":null}},"4":{"start":{"line":18,"column":20},"end":{"line":19,"column":null}},"5":{"start":{"line":19,"column":4},"end":{"line":19,"column":null}},"6":{"start":{"line":21,"column":23},"end":{"line":22,"column":null}},"7":{"start":{"line":22,"column":4},"end":{"line":22,"column":null}},"8":{"start":{"line":24,"column":2},"end":{"line":52,"column":null}},"9":{"start":{"line":37,"column":12},"end":{"line":38,"column":null}},"10":{"start":{"line":46,"column":12},"end":{"line":47,"column":null}}},"fnMap":{"0":{"name":"(anonymous_0)","decl":{"start":{"line":10,"column":30},"end":{"line":10,"column":36}},"loc":{"start":{"line":10,"column":36},"end":{"line":54,"column":null}}},"1":{"name":"(anonymous_1)","decl":{"start":{"line":14,"column":13},"end":{"line":14,"column":19}},"loc":{"start":{"line":14,"column":19},"end":{"line":14,"column":null}}},"2":{"name":"(anonymous_2)","decl":{"start":{"line":18,"column":20},"end":{"line":18,"column":null}},"loc":{"start":{"line":19,"column":4},"end":{"line":19,"column":null}}},"3":{"name":"(anonymous_3)","decl":{"start":{"line":21,"column":23},"end":{"line":21,"column":null}},"loc":{"start":{"line":22,"column":4},"end":{"line":22,"column":null}}},"4":{"name":"(anonymous_4)","decl":{"start":{"line":36,"column":27},"end":{"line":36,"column":28}},"loc":{"start":{"line":36,"column":37},"end":{"line":40,"column":11}}},"5":{"name":"(anonymous_5)","decl":{"start":{"line":45,"column":31},"end":{"line":45,"column":32}},"loc":{"start":{"line":45,"column":41},"end":{"line":49,"column":11}}}},"branchMap":{"0":{"loc":{"start":{"line":26,"column":7},"end":{"line":30,"column":null}},"type":"binary-expr","locations":[{"start":{"line":26,"column":7},"end":{"line":26,"column":null}},{"start":{"line":27,"column":8},"end":{"line":30,"column":null}}]},"1":{"loc":{"start":{"line":34,"column":7},"end":{"line":41,"column":null}},"type":"binary-expr","locations":[{"start":{"line":34,"column":7},"end":{"line":34,"column":null}},{"start":{"line":35,"column":8},"end":{"line":41,"column":null}}]},"2":{"loc":{"start":{"line":43,"column":7},"end":{"line":50,"column":null}},"type":"binary-expr","locations":[{"start":{"line":43,"column":7},"end":{"line":43,"column":null}},{"start":{"line":44,"column":8},"end":{"line":50,"column":null}}]}},"s":{"0":1,"1":1,"2":1,"3":0,"4":1,"5":1,"6":1,"7":1,"8":1,"9":0,"10":0},"f":{"0":1,"1":0,"2":1,"3":1,"4":0,"5":0},"b":{"0":[1,1],"1":[1,0],"2":[1,0]}}
,"D:/2024/canal_test_nghiatp1/src/pages/Movies/index.tsx": {"path":"D:/2024/canal_test_nghiatp1/src/pages/Movies/index.tsx","statementMap":{"0":{"start":{"line":11,"column":21},"end":{"line":11,"column":null}},"1":{"start":{"line":11,"column":38},"end":{"line":11,"column":68}},"2":{"start":{"line":13,"column":25},"end":{"line":71,"column":null}},"3":{"start":{"line":14,"column":23},"end":{"line":14,"column":null}},"4":{"start":{"line":16,"column":26},"end":{"line":16,"column":null}},"5":{"start":{"line":17,"column":38},"end":{"line":17,"column":null}},"6":{"start":{"line":18,"column":37},"end":{"line":22,"column":null}},"7":{"start":{"line":20,"column":19},"end":{"line":20,"column":null}},"8":{"start":{"line":24,"column":2},"end":{"line":28,"column":null}},"9":{"start":{"line":25,"column":4},"end":{"line":27,"column":null}},"10":{"start":{"line":26,"column":6},"end":{"line":26,"column":null}},"11":{"start":{"line":26,"column":36},"end":{"line":26,"column":68}},"12":{"start":{"line":30,"column":25},"end":{"line":32,"column":null}},"13":{"start":{"line":31,"column":4},"end":{"line":31,"column":null}},"14":{"start":{"line":31,"column":26},"end":{"line":31,"column":38}},"15":{"start":{"line":34,"column":45},"end":{"line":35,"column":null}},"16":{"start":{"line":35,"column":4},"end":{"line":35,"column":null}},"17":{"start":{"line":35,"column":27},"end":{"line":35,"column":48}},"18":{"start":{"line":37,"column":2},"end":{"line":44,"column":null}},"19":{"start":{"line":38,"column":4},"end":{"line":42,"column":null}},"20":{"start":{"line":46,"column":2},"end":{"line":69,"column":null}}},"fnMap":{"0":{"name":"(anonymous_0)","decl":{"start":{"line":11,"column":32},"end":{"line":11,"column":38}},"loc":{"start":{"line":11,"column":38},"end":{"line":11,"column":68}}},"1":{"name":"(anonymous_1)","decl":{"start":{"line":13,"column":25},"end":{"line":13,"column":31}},"loc":{"start":{"line":13,"column":31},"end":{"line":71,"column":null}}},"2":{"name":"(anonymous_2)","decl":{"start":{"line":20,"column":13},"end":{"line":20,"column":19}},"loc":{"start":{"line":20,"column":19},"end":{"line":20,"column":null}}},"3":{"name":"(anonymous_3)","decl":{"start":{"line":24,"column":12},"end":{"line":24,"column":18}},"loc":{"start":{"line":24,"column":18},"end":{"line":28,"column":5}}},"4":{"name":"(anonymous_4)","decl":{"start":{"line":26,"column":20},"end":{"line":26,"column":21}},"loc":{"start":{"line":26,"column":36},"end":{"line":26,"column":68}}},"5":{"name":"(anonymous_5)","decl":{"start":{"line":30,"column":25},"end":{"line":30,"column":31}},"loc":{"start":{"line":30,"column":31},"end":{"line":32,"column":null}}},"6":{"name":"(anonymous_6)","decl":{"start":{"line":31,"column":12},"end":{"line":31,"column":13}},"loc":{"start":{"line":31,"column":26},"end":{"line":31,"column":38}}},"7":{"name":"(anonymous_7)","decl":{"start":{"line":34,"column":45},"end":{"line":34,"column":46}},"loc":{"start":{"line":35,"column":4},"end":{"line":35,"column":null}}},"8":{"name":"(anonymous_8)","decl":{"start":{"line":35,"column":16},"end":{"line":35,"column":17}},"loc":{"start":{"line":35,"column":27},"end":{"line":35,"column":48}}}},"branchMap":{"0":{"loc":{"start":{"line":25,"column":4},"end":{"line":27,"column":null}},"type":"if","locations":[{"start":{"line":25,"column":4},"end":{"line":27,"column":null}},{"start":{"line":25,"column":4},"end":{"line":27,"column":null}}]},"1":{"loc":{"start":{"line":37,"column":2},"end":{"line":44,"column":null}},"type":"if","locations":[{"start":{"line":37,"column":2},"end":{"line":44,"column":null}},{"start":{"line":37,"column":2},"end":{"line":44,"column":null}}]},"2":{"loc":{"start":{"line":40,"column":9},"end":{"line":40,"column":null}},"type":"binary-expr","locations":[{"start":{"line":40,"column":9},"end":{"line":40,"column":18}},{"start":{"line":40,"column":18},"end":{"line":40,"column":null}}]},"3":{"loc":{"start":{"line":56,"column":17},"end":{"line":56,"column":null}},"type":"binary-expr","locations":[{"start":{"line":56,"column":17},"end":{"line":56,"column":29}},{"start":{"line":56,"column":29},"end":{"line":56,"column":null}}]}},"s":{"0":1,"1":0,"2":1,"3":8,"4":8,"5":8,"6":8,"7":0,"8":8,"9":3,"10":3,"11":3,"12":8,"13":2,"14":2,"15":8,"16":8,"17":5,"18":8,"19":0,"20":8},"f":{"0":0,"1":8,"2":0,"3":3,"4":3,"5":2,"6":2,"7":8,"8":5},"b":{"0":[3,0],"1":[0,8],"2":[0,0],"3":[8,0]}}
,"D:/2024/canal_test_nghiatp1/src/pages/PageNotFound/index.tsx": {"path":"D:/2024/canal_test_nghiatp1/src/pages/PageNotFound/index.tsx","statementMap":{"0":{"start":{"line":5,"column":31},"end":{"line":25,"column":null}},"1":{"start":{"line":6,"column":19},"end":{"line":6,"column":null}},"2":{"start":{"line":7,"column":2},"end":{"line":23,"column":null}},"3":{"start":{"line":16,"column":25},"end":{"line":16,"column":null}}},"fnMap":{"0":{"name":"(anonymous_0)","decl":{"start":{"line":5,"column":31},"end":{"line":5,"column":37}},"loc":{"start":{"line":5,"column":37},"end":{"line":25,"column":null}}},"1":{"name":"(anonymous_1)","decl":{"start":{"line":16,"column":19},"end":{"line":16,"column":25}},"loc":{"start":{"line":16,"column":25},"end":{"line":16,"column":null}}}},"branchMap":{},"s":{"0":1,"1":3,"2":3,"3":1},"f":{"0":3,"1":1},"b":{}}
,"D:/2024/canal_test_nghiatp1/src/schemas/movie.schema.ts": {"path":"D:/2024/canal_test_nghiatp1/src/schemas/movie.schema.ts","statementMap":{"0":{"start":{"line":3,"column":14},"end":{"line":6,"column":null}},"1":{"start":{"line":8,"column":16},"end":{"line":15,"column":null}},"2":{"start":{"line":17,"column":23},"end":{"line":20,"column":null}},"3":{"start":{"line":22,"column":27},"end":{"line":37,"column":null}},"4":{"start":{"line":39,"column":31},"end":{"line":44,"column":null}},"5":{"start":{"line":46,"column":35},"end":{"line":60,"column":null}}},"fnMap":{},"branchMap":{},"s":{"0":1,"1":1,"2":1,"3":1,"4":1,"5":1},"f":{},"b":{}}
,"D:/2024/canal_test_nghiatp1/src/services/movie.service.ts": {"path":"D:/2024/canal_test_nghiatp1/src/services/movie.service.ts","statementMap":{"0":{"start":{"line":7,"column":12},"end":{"line":12,"column":null}},"1":{"start":{"line":14,"column":37},"end":{"line":33,"column":null}},"2":{"start":{"line":15,"column":43},"end":{"line":19,"column":null}},"3":{"start":{"line":20,"column":2},"end":{"line":31,"column":null}},"4":{"start":{"line":22,"column":6},"end":{"line":22,"column":null}},"5":{"start":{"line":23,"column":6},"end":{"line":23,"column":null}},"6":{"start":{"line":25,"column":6},"end":{"line":25,"column":null}},"7":{"start":{"line":26,"column":6},"end":{"line":26,"column":null}},"8":{"start":{"line":27,"column":6},"end":{"line":27,"column":null}},"9":{"start":{"line":29,"column":6},"end":{"line":29,"column":null}},"10":{"start":{"line":30,"column":6},"end":{"line":30,"column":null}},"11":{"start":{"line":32,"column":2},"end":{"line":32,"column":null}},"12":{"start":{"line":35,"column":37},"end":{"line":60,"column":null}},"13":{"start":{"line":39,"column":2},"end":{"line":41,"column":null}},"14":{"start":{"line":40,"column":4},"end":{"line":40,"column":null}},"15":{"start":{"line":42,"column":24},"end":{"line":42,"column":null}},"16":{"start":{"line":43,"column":2},"end":{"line":59,"column":null}},"17":{"start":{"line":44,"column":21},"end":{"line":50,"column":null}},"18":{"start":{"line":51,"column":17},"end":{"line":51,"column":null}},"19":{"start":{"line":52,"column":4},"end":{"line":52,"column":null}},"20":{"start":{"line":54,"column":4},"end":{"line":58,"column":null}},"21":{"start":{"line":55,"column":6},"end":{"line":55,"column":null}},"22":{"start":{"line":57,"column":6},"end":{"line":57,"column":null}},"23":{"start":{"line":62,"column":32},"end":{"line":89,"column":null}},"24":{"start":{"line":63,"column":2},"end":{"line":65,"column":null}},"25":{"start":{"line":64,"column":4},"end":{"line":64,"column":null}},"26":{"start":{"line":67,"column":24},"end":{"line":70,"column":null}},"27":{"start":{"line":71,"column":2},"end":{"line":88,"column":null}},"28":{"start":{"line":72,"column":21},"end":{"line":77,"column":null}},"29":{"start":{"line":78,"column":17},"end":{"line":78,"column":null}},"30":{"start":{"line":79,"column":4},"end":{"line":79,"column":null}},"31":{"start":{"line":81,"column":4},"end":{"line":87,"column":null}},"32":{"start":{"line":82,"column":6},"end":{"line":82,"column":null}},"33":{"start":{"line":84,"column":6},"end":{"line":86,"column":null}},"34":{"start":{"line":91,"column":33},"end":{"line":113,"column":null}},"35":{"start":{"line":92,"column":2},"end":{"line":94,"column":null}},"36":{"start":{"line":93,"column":4},"end":{"line":93,"column":null}},"37":{"start":{"line":96,"column":2},"end":{"line":112,"column":null}},"38":{"start":{"line":97,"column":21},"end":{"line":101,"column":null}},"39":{"start":{"line":102,"column":17},"end":{"line":102,"column":null}},"40":{"start":{"line":103,"column":4},"end":{"line":103,"column":null}},"41":{"start":{"line":105,"column":4},"end":{"line":111,"column":null}},"42":{"start":{"line":106,"column":6},"end":{"line":106,"column":null}},"43":{"start":{"line":108,"column":6},"end":{"line":110,"column":null}}},"fnMap":{"0":{"name":"(anonymous_0)","decl":{"start":{"line":14,"column":37},"end":{"line":14,"column":38}},"loc":{"start":{"line":14,"column":61},"end":{"line":33,"column":null}}},"1":{"name":"(anonymous_1)","decl":{"start":{"line":35,"column":37},"end":{"line":35,"column":null}},"loc":{"start":{"line":38,"column":5},"end":{"line":60,"column":null}}},"2":{"name":"(anonymous_2)","decl":{"start":{"line":62,"column":32},"end":{"line":62,"column":39}},"loc":{"start":{"line":62,"column":54},"end":{"line":89,"column":null}}},"3":{"name":"(anonymous_3)","decl":{"start":{"line":91,"column":33},"end":{"line":91,"column":40}},"loc":{"start":{"line":91,"column":55},"end":{"line":113,"column":null}}}},"branchMap":{"0":{"loc":{"start":{"line":20,"column":2},"end":{"line":31,"column":null}},"type":"switch","locations":[{"start":{"line":21,"column":4},"end":{"line":23,"column":null}},{"start":{"line":24,"column":4},"end":{"line":27,"column":null}},{"start":{"line":28,"column":4},"end":{"line":30,"column":null}}]},"1":{"loc":{"start":{"line":37,"column":2},"end":{"line":37,"column":null}},"type":"default-arg","locations":[{"start":{"line":37,"column":17},"end":{"line":37,"column":null}}]},"2":{"loc":{"start":{"line":39,"column":2},"end":{"line":41,"column":null}},"type":"if","locations":[{"start":{"line":39,"column":2},"end":{"line":41,"column":null}},{"start":{"line":39,"column":2},"end":{"line":41,"column":null}}]},"3":{"loc":{"start":{"line":54,"column":4},"end":{"line":58,"column":null}},"type":"if","locations":[{"start":{"line":54,"column":4},"end":{"line":58,"column":null}},{"start":{"line":56,"column":11},"end":{"line":58,"column":null}}]},"4":{"loc":{"start":{"line":63,"column":2},"end":{"line":65,"column":null}},"type":"if","locations":[{"start":{"line":63,"column":2},"end":{"line":65,"column":null}},{"start":{"line":63,"column":2},"end":{"line":65,"column":null}}]},"5":{"loc":{"start":{"line":81,"column":4},"end":{"line":87,"column":null}},"type":"if","locations":[{"start":{"line":81,"column":4},"end":{"line":87,"column":null}},{"start":{"line":83,"column":11},"end":{"line":87,"column":null}}]},"6":{"loc":{"start":{"line":92,"column":2},"end":{"line":94,"column":null}},"type":"if","locations":[{"start":{"line":92,"column":2},"end":{"line":94,"column":null}},{"start":{"line":92,"column":2},"end":{"line":94,"column":null}}]},"7":{"loc":{"start":{"line":105,"column":4},"end":{"line":111,"column":null}},"type":"if","locations":[{"start":{"line":105,"column":4},"end":{"line":111,"column":null}},{"start":{"line":107,"column":11},"end":{"line":111,"column":null}}]}},"s":{"0":1,"1":1,"2":5,"3":5,"4":3,"5":3,"6":1,"7":1,"8":1,"9":1,"10":1,"11":5,"12":1,"13":3,"14":1,"15":2,"16":2,"17":2,"18":1,"19":1,"20":1,"21":1,"22":0,"23":1,"24":2,"25":1,"26":1,"27":1,"28":1,"29":0,"30":0,"31":1,"32":1,"33":0,"34":1,"35":1,"36":1,"37":0,"38":0,"39":0,"40":0,"41":0,"42":0,"43":0},"f":{"0":5,"1":3,"2":2,"3":1},"b":{"0":[3,1,1],"1":[0],"2":[1,2],"3":[1,0],"4":[1,1],"5":[1,0],"6":[1,0],"7":[0,0]}}
,"D:/2024/canal_test_nghiatp1/src/utils/index.utils.ts": {"path":"D:/2024/canal_test_nghiatp1/src/utils/index.utils.ts","statementMap":{"0":{"start":{"line":6,"column":24},"end":{"line":14,"column":null}},"1":{"start":{"line":10,"column":2},"end":{"line":12,"column":null}},"2":{"start":{"line":11,"column":4},"end":{"line":11,"column":null}},"3":{"start":{"line":13,"column":2},"end":{"line":13,"column":null}},"4":{"start":{"line":16,"column":29},"end":{"line":18,"column":null}},"5":{"start":{"line":17,"column":2},"end":{"line":17,"column":null}},"6":{"start":{"line":20,"column":26},"end":{"line":33,"column":null}},"7":{"start":{"line":21,"column":20},"end":{"line":21,"column":null}},"8":{"start":{"line":22,"column":15},"end":{"line":22,"column":null}},"9":{"start":{"line":23,"column":2},"end":{"line":25,"column":null}},"10":{"start":{"line":24,"column":4},"end":{"line":24,"column":null}},"11":{"start":{"line":27,"column":46},"end":{"line":31,"column":null}},"12":{"start":{"line":32,"column":2},"end":{"line":32,"column":null}},"13":{"start":{"line":35,"column":37},"end":{"line":37,"column":null}},"14":{"start":{"line":36,"column":2},"end":{"line":36,"column":null}},"15":{"start":{"line":39,"column":39},"end":{"line":45,"column":null}},"16":{"start":{"line":40,"column":14},"end":{"line":40,"column":null}},"17":{"start":{"line":41,"column":15},"end":{"line":41,"column":null}},"18":{"start":{"line":42,"column":16},"end":{"line":42,"column":null}},"19":{"start":{"line":43,"column":14},"end":{"line":43,"column":null}},"20":{"start":{"line":44,"column":2},"end":{"line":44,"column":null}},"21":{"start":{"line":47,"column":34},"end":{"line":49,"column":null}},"22":{"start":{"line":48,"column":2},"end":{"line":48,"column":null}},"23":{"start":{"line":51,"column":31},"end":{"line":53,"column":null}},"24":{"start":{"line":52,"column":2},"end":{"line":52,"column":null}},"25":{"start":{"line":55,"column":45},"end":{"line":79,"column":null}},"26":{"start":{"line":59,"column":2},"end":{"line":61,"column":null}},"27":{"start":{"line":60,"column":4},"end":{"line":60,"column":null}},"28":{"start":{"line":62,"column":35},"end":{"line":64,"column":null}},"29":{"start":{"line":63,"column":8},"end":{"line":63,"column":null}},"30":{"start":{"line":65,"column":19},"end":{"line":76,"column":null}},"31":{"start":{"line":68,"column":8},"end":{"line":74,"column":null}},"32":{"start":{"line":76,"column":23},"end":{"line":76,"column":38}},"33":{"start":{"line":78,"column":2},"end":{"line":78,"column":null}}},"fnMap":{"0":{"name":"(anonymous_0)","decl":{"start":{"line":6,"column":24},"end":{"line":6,"column":null}},"loc":{"start":{"line":9,"column":13},"end":{"line":14,"column":null}}},"1":{"name":"(anonymous_1)","decl":{"start":{"line":16,"column":29},"end":{"line":16,"column":30}},"loc":{"start":{"line":16,"column":77},"end":{"line":18,"column":null}}},"2":{"name":"(anonymous_2)","decl":{"start":{"line":20,"column":26},"end":{"line":20,"column":27}},"loc":{"start":{"line":20,"column":58},"end":{"line":33,"column":null}}},"3":{"name":"(anonymous_3)","decl":{"start":{"line":35,"column":37},"end":{"line":35,"column":38}},"loc":{"start":{"line":35,"column":57},"end":{"line":37,"column":null}}},"4":{"name":"(anonymous_4)","decl":{"start":{"line":39,"column":39},"end":{"line":39,"column":53}},"loc":{"start":{"line":39,"column":53},"end":{"line":45,"column":null}}},"5":{"name":"(anonymous_5)","decl":{"start":{"line":47,"column":34},"end":{"line":47,"column":35}},"loc":{"start":{"line":47,"column":59},"end":{"line":49,"column":null}}},"6":{"name":"(anonymous_6)","decl":{"start":{"line":51,"column":31},"end":{"line":51,"column":32}},"loc":{"start":{"line":51,"column":62},"end":{"line":53,"column":null}}},"7":{"name":"(anonymous_7)","decl":{"start":{"line":55,"column":45},"end":{"line":55,"column":null}},"loc":{"start":{"line":58,"column":36},"end":{"line":79,"column":null}}},"8":{"name":"(anonymous_8)","decl":{"start":{"line":63,"column":4},"end":{"line":63,"column":5}},"loc":{"start":{"line":63,"column":8},"end":{"line":63,"column":null}}},"9":{"name":"(anonymous_9)","decl":{"start":{"line":67,"column":6},"end":{"line":67,"column":7}},"loc":{"start":{"line":68,"column":8},"end":{"line":74,"column":null}}},"10":{"name":"(anonymous_10)","decl":{"start":{"line":76,"column":12},"end":{"line":76,"column":13}},"loc":{"start":{"line":76,"column":23},"end":{"line":76,"column":38}}}},"branchMap":{"0":{"loc":{"start":{"line":7,"column":2},"end":{"line":7,"column":null}},"type":"default-arg","locations":[{"start":{"line":7,"column":16},"end":{"line":7,"column":null}}]},"1":{"loc":{"start":{"line":8,"column":2},"end":{"line":8,"column":null}},"type":"default-arg","locations":[{"start":{"line":8,"column":29},"end":{"line":8,"column":null}}]},"2":{"loc":{"start":{"line":10,"column":2},"end":{"line":12,"column":null}},"type":"if","locations":[{"start":{"line":10,"column":2},"end":{"line":12,"column":null}},{"start":{"line":10,"column":2},"end":{"line":12,"column":null}}]},"3":{"loc":{"start":{"line":11,"column":11},"end":{"line":11,"column":null}},"type":"cond-expr","locations":[{"start":{"line":11,"column":29},"end":{"line":11,"column":45}},{"start":{"line":11,"column":45},"end":{"line":11,"column":null}}]},"4":{"loc":{"start":{"line":16,"column":45},"end":{"line":16,"column":77}},"type":"default-arg","locations":[{"start":{"line":16,"column":63},"end":{"line":16,"column":77}}]},"5":{"loc":{"start":{"line":23,"column":2},"end":{"line":25,"column":null}},"type":"if","locations":[{"start":{"line":23,"column":2},"end":{"line":25,"column":null}},{"start":{"line":23,"column":2},"end":{"line":25,"column":null}}]},"6":{"loc":{"start":{"line":23,"column":6},"end":{"line":23,"column":60}},"type":"binary-expr","locations":[{"start":{"line":23,"column":6},"end":{"line":23,"column":37}},{"start":{"line":23,"column":37},"end":{"line":23,"column":60}}]},"7":{"loc":{"start":{"line":59,"column":2},"end":{"line":61,"column":null}},"type":"if","locations":[{"start":{"line":59,"column":2},"end":{"line":61,"column":null}},{"start":{"line":59,"column":2},"end":{"line":61,"column":null}}]},"8":{"loc":{"start":{"line":63,"column":15},"end":{"line":63,"column":38}},"type":"binary-expr","locations":[{"start":{"line":63,"column":15},"end":{"line":63,"column":32}},{"start":{"line":63,"column":32},"end":{"line":63,"column":38}}]},"9":{"loc":{"start":{"line":63,"column":38},"end":{"line":63,"column":null}},"type":"binary-expr","locations":[{"start":{"line":63,"column":38},"end":{"line":63,"column":55}},{"start":{"line":63,"column":55},"end":{"line":63,"column":null}}]},"10":{"loc":{"start":{"line":68,"column":8},"end":{"line":74,"column":null}},"type":"binary-expr","locations":[{"start":{"line":68,"column":8},"end":{"line":69,"column":36}},{"start":{"line":69,"column":36},"end":{"line":74,"column":null}}]},"11":{"loc":{"start":{"line":78,"column":10},"end":{"line":78,"column":null}},"type":"binary-expr","locations":[{"start":{"line":78,"column":10},"end":{"line":78,"column":62}},{"start":{"line":78,"column":62},"end":{"line":78,"column":null}}]}},"s":{"0":11,"1":72,"2":2,"3":70,"4":11,"5":65,"6":11,"7":65,"8":65,"9":65,"10":1,"11":64,"12":64,"13":11,"14":80,"15":11,"16":6,"17":6,"18":6,"19":6,"20":6,"21":11,"22":17,"23":11,"24":18,"25":11,"26":10,"27":5,"28":5,"29":8,"30":5,"31":10,"32":10,"33":5},"f":{"0":72,"1":65,"2":65,"3":80,"4":6,"5":17,"6":18,"7":10,"8":8,"9":10,"10":10},"b":{"0":[0],"1":[71],"2":[2,70],"3":[1,1],"4":[64],"5":[1,64],"6":[65,64],"7":[5,5],"8":[8,0],"9":[8,0],"10":[10,5],"11":[5,0]}}
}
